{"time":"2026-02-13T22:20:47.742181166-06:00","level":"WARN","source":{"function":"github.com/charmbracelet/crush/internal/config.Load","file":"github.com/charmbracelet/crush/internal/config/load.go","line":58},"msg":"No git repository detected in working directory, will limit file walk operations","depth":2,"items":100}
{"time":"2026-02-13T22:20:47.745033261-06:00","level":"INFO","source":{"function":"github.com/charmbracelet/crush/internal/config.(*catwalkSync).Get.func1","file":"github.com/charmbracelet/crush/internal/config/catwalk.go","line":55},"msg":"Fetching providers from Catwalk"}
{"time":"2026-02-13T22:20:47.912742384-06:00","level":"INFO","source":{"function":"github.com/charmbracelet/crush/internal/config.(*catwalkSync).Get.func1","file":"github.com/charmbracelet/crush/internal/config/catwalk.go","line":63},"msg":"Catwalk providers not modified"}
{"time":"2026-02-13T22:20:47.912865551-06:00","level":"WARN","source":{"function":"github.com/charmbracelet/crush/internal/config.Load","file":"github.com/charmbracelet/crush/internal/config/load.go","line":81},"msg":"No providers configured"}
{"time":"2026-02-13T22:22:29.69154282-06:00","level":"WARN","source":{"function":"github.com/charmbracelet/crush/internal/config.Load","file":"github.com/charmbracelet/crush/internal/config/load.go","line":58},"msg":"No git repository detected in working directory, will limit file walk operations","depth":2,"items":100}
{"time":"2026-02-13T22:22:29.693601386-06:00","level":"INFO","source":{"function":"github.com/charmbracelet/crush/internal/config.(*catwalkSync).Get.func1","file":"github.com/charmbracelet/crush/internal/config/catwalk.go","line":55},"msg":"Fetching providers from Catwalk"}
{"time":"2026-02-13T22:22:29.960026049-06:00","level":"INFO","source":{"function":"github.com/charmbracelet/crush/internal/config.cache[...].Store","file":"github.com/charmbracelet/crush/internal/config/provider.go","line":213},"msg":"Saving provider data to disk","path":"/home/erewhon/.local/share/crush/providers.json"}
{"time":"2026-02-13T22:22:29.961022733-06:00","level":"WARN","source":{"function":"github.com/charmbracelet/crush/internal/config.Load","file":"github.com/charmbracelet/crush/internal/config/load.go","line":81},"msg":"No providers configured"}
{"time":"2026-02-13T22:22:53.32579069-06:00","level":"WARN","source":{"function":"github.com/charmbracelet/crush/internal/config.Load","file":"github.com/charmbracelet/crush/internal/config/load.go","line":58},"msg":"No git repository detected in working directory, will limit file walk operations","depth":2,"items":100}
{"time":"2026-02-13T22:22:53.327884465-06:00","level":"INFO","source":{"function":"github.com/charmbracelet/crush/internal/config.(*catwalkSync).Get.func1","file":"github.com/charmbracelet/crush/internal/config/catwalk.go","line":55},"msg":"Fetching providers from Catwalk"}
{"time":"2026-02-13T22:22:53.865388009-06:00","level":"INFO","source":{"function":"github.com/charmbracelet/crush/internal/config.cache[...].Store","file":"github.com/charmbracelet/crush/internal/config/provider.go","line":213},"msg":"Saving provider data to disk","path":"/home/erewhon/.local/share/crush/providers.json"}
{"time":"2026-02-13T22:22:53.866745443-06:00","level":"WARN","source":{"function":"github.com/charmbracelet/crush/internal/config.Load","file":"github.com/charmbracelet/crush/internal/config/load.go","line":81},"msg":"No providers configured"}
{"time":"2026-02-13T22:29:07.262767376-06:00","level":"WARN","source":{"function":"github.com/charmbracelet/crush/internal/config.Load","file":"github.com/charmbracelet/crush/internal/config/load.go","line":58},"msg":"No git repository detected in working directory, will limit file walk operations","depth":2,"items":100}
{"time":"2026-02-13T22:29:07.264752354-06:00","level":"INFO","source":{"function":"github.com/charmbracelet/crush/internal/config.(*catwalkSync).Get.func1","file":"github.com/charmbracelet/crush/internal/config/catwalk.go","line":55},"msg":"Fetching providers from Catwalk"}
{"time":"2026-02-13T22:29:07.473908785-06:00","level":"INFO","source":{"function":"github.com/charmbracelet/crush/internal/config.(*catwalkSync).Get.func1","file":"github.com/charmbracelet/crush/internal/config/catwalk.go","line":63},"msg":"Catwalk providers not modified"}
{"time":"2026-02-13T22:29:10.982469365-06:00","level":"WARN","source":{"function":"github.com/charmbracelet/crush/internal/config.Load","file":"github.com/charmbracelet/crush/internal/config/load.go","line":58},"msg":"No git repository detected in working directory, will limit file walk operations","depth":2,"items":100}
{"time":"2026-02-13T22:29:10.983876918-06:00","level":"INFO","source":{"function":"github.com/charmbracelet/crush/internal/config.(*catwalkSync).Get.func1","file":"github.com/charmbracelet/crush/internal/config/catwalk.go","line":55},"msg":"Fetching providers from Catwalk"}
{"time":"2026-02-13T22:29:11.137027954-06:00","level":"INFO","source":{"function":"github.com/charmbracelet/crush/internal/config.(*catwalkSync).Get.func1","file":"github.com/charmbracelet/crush/internal/config/catwalk.go","line":63},"msg":"Catwalk providers not modified"}
{"time":"2026-02-13T22:29:30.270591626-06:00","level":"WARN","source":{"function":"github.com/charmbracelet/crush/internal/config.Load","file":"github.com/charmbracelet/crush/internal/config/load.go","line":58},"msg":"No git repository detected in working directory, will limit file walk operations","depth":2,"items":100}
{"time":"2026-02-13T22:29:30.272383908-06:00","level":"INFO","source":{"function":"github.com/charmbracelet/crush/internal/config.(*catwalkSync).Get.func1","file":"github.com/charmbracelet/crush/internal/config/catwalk.go","line":55},"msg":"Fetching providers from Catwalk"}
{"time":"2026-02-13T22:29:30.512520613-06:00","level":"INFO","source":{"function":"github.com/charmbracelet/crush/internal/config.cache[...].Store","file":"github.com/charmbracelet/crush/internal/config/provider.go","line":213},"msg":"Saving provider data to disk","path":"/home/erewhon/.local/share/crush/providers.json"}
{"time":"2026-02-13T22:29:42.815125249-06:00","level":"WARN","source":{"function":"github.com/charmbracelet/crush/internal/config.Load","file":"github.com/charmbracelet/crush/internal/config/load.go","line":58},"msg":"No git repository detected in working directory, will limit file walk operations","depth":2,"items":100}
{"time":"2026-02-13T22:29:42.816947371-06:00","level":"INFO","source":{"function":"github.com/charmbracelet/crush/internal/config.(*catwalkSync).Get.func1","file":"github.com/charmbracelet/crush/internal/config/catwalk.go","line":55},"msg":"Fetching providers from Catwalk"}
{"time":"2026-02-13T22:29:42.964450866-06:00","level":"INFO","source":{"function":"github.com/charmbracelet/crush/internal/config.(*catwalkSync).Get.func1","file":"github.com/charmbracelet/crush/internal/config/catwalk.go","line":63},"msg":"Catwalk providers not modified"}
{"time":"2026-02-13T22:29:47.862761249-06:00","level":"WARN","source":{"function":"github.com/charmbracelet/crush/internal/config.Load","file":"github.com/charmbracelet/crush/internal/config/load.go","line":58},"msg":"No git repository detected in working directory, will limit file walk operations","depth":2,"items":100}
{"time":"2026-02-13T22:29:47.864100534-06:00","level":"INFO","source":{"function":"github.com/charmbracelet/crush/internal/config.(*catwalkSync).Get.func1","file":"github.com/charmbracelet/crush/internal/config/catwalk.go","line":55},"msg":"Fetching providers from Catwalk"}
{"time":"2026-02-13T22:29:48.029474378-06:00","level":"INFO","source":{"function":"github.com/charmbracelet/crush/internal/config.(*catwalkSync).Get.func1","file":"github.com/charmbracelet/crush/internal/config/catwalk.go","line":63},"msg":"Catwalk providers not modified"}
{"time":"2026-02-13T22:30:48.514145418-06:00","level":"WARN","source":{"function":"github.com/charmbracelet/crush/internal/config.Load","file":"github.com/charmbracelet/crush/internal/config/load.go","line":58},"msg":"No git repository detected in working directory, will limit file walk operations","depth":2,"items":100}
{"time":"2026-02-13T22:30:48.515545921-06:00","level":"INFO","source":{"function":"github.com/charmbracelet/crush/internal/config.(*catwalkSync).Get.func1","file":"github.com/charmbracelet/crush/internal/config/catwalk.go","line":55},"msg":"Fetching providers from Catwalk"}
{"time":"2026-02-13T22:30:48.661526596-06:00","level":"INFO","source":{"function":"github.com/charmbracelet/crush/internal/config.(*catwalkSync).Get.func1","file":"github.com/charmbracelet/crush/internal/config/catwalk.go","line":63},"msg":"Catwalk providers not modified"}
